dom111-mysql5-v1.sql:25:CREATE TABLE `agtAgentTypes` (
dom111-mysql5-v1.sql:58:CREATE TABLE `agtAgents` (
dom111-mysql5-v1.sql:10993:CREATE TABLE `agtConfig` (
dom111-mysql5-v1.sql:34295:CREATE TABLE `agtResearchAgents` (
dom111-mysql5-v1.sql:35116:CREATE TABLE `chrAncestries` (
dom111-mysql5-v1.sql:35192:CREATE TABLE `chrAttributes` (
dom111-mysql5-v1.sql:35225:CREATE TABLE `chrBloodlines` (
dom111-mysql5-v1.sql:35281:CREATE TABLE `chrFactions` (
dom111-mysql5-v1.sql:35335:CREATE TABLE `chrRaces` (
dom111-mysql5-v1.sql:35368:CREATE TABLE `crpActivities` (
dom111-mysql5-v1.sql:35412:CREATE TABLE `crpNPCCorporationDivisions` (
dom111-mysql5-v1.sql:36250:CREATE TABLE `crpNPCCorporationResearchFields` (
dom111-mysql5-v1.sql:36322:CREATE TABLE `crpNPCCorporationTrades` (
dom111-mysql5-v1.sql:47085:CREATE TABLE `crpNPCCorporations` (
dom111-mysql5-v1.sql:47318:CREATE TABLE `crpNPCDivisions` (
dom111-mysql5-v1.sql:47364:CREATE TABLE `crtCategories` (
dom111-mysql5-v1.sql:47400:CREATE TABLE `crtCertificates` (
dom111-mysql5-v1.sql:47820:CREATE TABLE `crtClasses` (
dom111-mysql5-v1.sql:47981:CREATE TABLE `crtRecommendations` (
dom111-mysql5-v1.sql:48604:CREATE TABLE `crtRelationships` (
dom111-mysql5-v1.sql:50108:CREATE TABLE `dgmAttributeCategories` (
dom111-mysql5-v1.sql:50142:CREATE TABLE `dgmAttributeTypes` (
dom111-mysql5-v1.sql:51652:CREATE TABLE `dgmEffects` (
dom111-mysql5-v1.sql:54336:CREATE TABLE `dgmTypeAttributes` (
dom111-mysql5-v1.sql:198546:CREATE TABLE `dgmTypeEffects` (
dom111-mysql5-v1.sql:234225:CREATE TABLE `eveGraphics` (
dom111-mysql5-v1.sql:238611:CREATE TABLE `eveNames` (
dom111-mysql5-v1.sql:604721:CREATE TABLE `eveUnits` (
dom111-mysql5-v1.sql:604794:CREATE TABLE `invBlueprintTypes` (
dom111-mysql5-v1.sql:608102:CREATE TABLE `invCategories` (
dom111-mysql5-v1.sql:608158:CREATE TABLE `invContrabandTypes` (
dom111-mysql5-v1.sql:608623:CREATE TABLE `invControlTowerResourcePurposes` (
dom111-mysql5-v1.sql:608650:CREATE TABLE `invControlTowerResources` (
dom111-mysql5-v1.sql:609314:CREATE TABLE `invFlags` (
dom111-mysql5-v1.sql:609463:CREATE TABLE `invGroups` (
dom111-mysql5-v1.sql:610306:CREATE TABLE `invMarketGroups` (
dom111-mysql5-v1.sql:611337:CREATE TABLE `invMetaGroups` (
dom111-mysql5-v1.sql:611377:CREATE TABLE `invMetaTypes` (
dom111-mysql5-v1.sql:615366:CREATE TABLE `invTypeMaterials` (
dom111-mysql5-v1.sql:645810:CREATE TABLE `invTypeReactions` (
dom111-mysql5-v1.sql:646157:CREATE TABLE `invTypes` (
dom111-mysql5-v1.sql:664630:CREATE TABLE `mapCelestialStatistics` (
dom111-mysql5-v1.sql:1135185:CREATE TABLE `mapConstellationJumps` (
dom111-mysql5-v1.sql:1137567:CREATE TABLE `mapConstellations` (
dom111-mysql5-v1.sql:1138714:CREATE TABLE `mapDenormalize` (
dom111-mysql5-v1.sql:1642233:CREATE TABLE `mapJumps` (
dom111-mysql5-v1.sql:1656591:CREATE TABLE `mapLandmarks` (
dom111-mysql5-v1.sql:1656670:CREATE TABLE `mapLocationScenes` (
dom111-mysql5-v1.sql:1662124:CREATE TABLE `mapLocationWormholeClasses` (
dom111-mysql5-v1.sql:1662936:CREATE TABLE `mapRegionJumps` (
dom111-mysql5-v1.sql:1663266:CREATE TABLE `mapRegions` (
dom111-mysql5-v1.sql:1663398:CREATE TABLE `mapSolarSystemJumps` (
dom111-mysql5-v1.sql:1677763:CREATE TABLE `mapSolarSystems` (
dom111-mysql5-v1.sql:1685745:CREATE TABLE `mapUniverse` (
dom111-mysql5-v1.sql:1685780:CREATE TABLE `ramActivities` (
dom111-mysql5-v1.sql:1685815:CREATE TABLE `ramAssemblyLineStations` (
dom111-mysql5-v1.sql:1690237:CREATE TABLE `ramAssemblyLineTypeDetailPerCategory` (
dom111-mysql5-v1.sql:1690634:CREATE TABLE `ramAssemblyLineTypeDetailPerGroup` (
dom111-mysql5-v1.sql:1691605:CREATE TABLE `ramAssemblyLineTypes` (
dom111-mysql5-v1.sql:1691764:CREATE TABLE `ramAssemblyLines` (
dom111-mysql5-v1.sql:1838136:CREATE TABLE `ramInstallationTypeContents` (
dom111-mysql5-v1.sql:1838536:CREATE TABLE `ramTypeRequirements` (
dom111-mysql5-v1.sql:1866305:CREATE TABLE `staOperationServices` (
dom111-mysql5-v1.sql:1867019:CREATE TABLE `staOperations` (
dom111-mysql5-v1.sql:1867111:CREATE TABLE `staServices` (
dom111-mysql5-v1.sql:1867161:CREATE TABLE `staStationTypes` (
dom111-mysql5-v1.sql:1867264:CREATE TABLE `staStations` (
dom111-mysql5-v1.sql:1872477:CREATE TABLE `trnTranslationColumns` (
dom111-mysql5-v1.sql:1872546:CREATE TABLE `trnTranslations` (
